{"/Users/tsujiokataichi/private/english_words_sender/src/server/middleware/error.ts": {"path":"/Users/tsujiokataichi/private/english_words_sender/src/server/middleware/error.ts","statementMap":{"0":{"start":{"line":5,"column":13},"end":{"line":7,"column":2}},"1":{"start":{"line":6,"column":2},"end":{"line":6,"column":28}},"2":{"start":{"line":9,"column":13},"end":{"line":17,"column":2}},"3":{"start":{"line":14,"column":2},"end":{"line":14,"column":17}},"4":{"start":{"line":15,"column":2},"end":{"line":15,"column":43}},"5":{"start":{"line":16,"column":2},"end":{"line":16,"column":27}}},"fnMap":{"0":{"name":"(anonymous_0)","decl":{"start":{"line":5,"column":25},"end":{"line":5,"column":26}},"loc":{"start":{"line":5,"column":47},"end":{"line":7,"column":1}}},"1":{"name":"(anonymous_1)","decl":{"start":{"line":9,"column":28},"end":{"line":9,"column":null}},"loc":{"start":{"line":12,"column":15},"end":{"line":17,"column":1}}}},"branchMap":{"0":{"loc":{"start":{"line":15,"column":13},"end":{"line":15,"column":34}},"type":"binary-expr","locations":[{"start":{"line":15,"column":13},"end":{"line":15,"column":34}},{"start":{"line":15,"column":38},"end":{"line":15,"column":41}}]}},"s":{"0":1,"1":2,"2":1,"3":2,"4":2,"5":2},"f":{"0":2,"1":2},"b":{"0":[2,1]}}
}
